Build started 12/5/2015 11:24:19 PM.
     1>Project "C:\Users\Peter\Desktop\School\Brock University\Year 3\Semester 1\COSC 3P98 - Computer Graphics\Assignment 3\Template-3P98-2010\Template-3P98-2010\Template-3P98-2010\Template-3P98-2010.vcxproj" on node 2 (build target(s)).
     1>InitializeBuildStatus:
         Creating "Debug\Template-3P98-2010.unsuccessfulbuild" because "AlwaysCreate" was specified.
       ClCompile:
         All outputs are up-to-date.
       ResourceCompile:
         All outputs are up-to-date.
       ManifestResourceCompile:
         All outputs are up-to-date.
       Link:
         All outputs are up-to-date.
       Manifest:
         All outputs are up-to-date.
       PostBuildEvent:
         copy "C:\Users\Peter\Desktop\School\Brock University\Year 3\Semester 1\COSC 3P98 - Computer Graphics\Assignment 3\Template-3P98-2010\Template-3P98-2010\Template-3P98-2010\GL\freeglut.dll" "C:\Users\Peter\Desktop\School\Brock University\Year 3\Semester 1\COSC 3P98 - Computer Graphics\Assignment 3\Template-3P98-2010\Template-3P98-2010\Debug\"
         copy "C:\Users\Peter\Desktop\School\Brock University\Year 3\Semester 1\COSC 3P98 - Computer Graphics\Assignment 3\Template-3P98-2010\Template-3P98-2010\Template-3P98-2010\FreeImage\freeimaged.dll" "C:\Users\Peter\Desktop\School\Brock University\Year 3\Semester 1\COSC 3P98 - Computer Graphics\Assignment 3\Template-3P98-2010\Template-3P98-2010\Debug\"
         :VCEnd
                 1 file(s) copied.
                 1 file(s) copied.
       FinalizeBuildStatus:
         Deleting file "Debug\Template-3P98-2010.unsuccessfulbuild".
         Touching "Debug\Template-3P98-2010.lastbuildstate".
     1>Done Building Project "C:\Users\Peter\Desktop\School\Brock University\Year 3\Semester 1\COSC 3P98 - Computer Graphics\Assignment 3\Template-3P98-2010\Template-3P98-2010\Template-3P98-2010\Template-3P98-2010.vcxproj" (build target(s)).

Build succeeded.

Time Elapsed 00:00:00.35
